[debug] [2022-08-14T23:37:10.935Z] ----------------------------------------------------------------------
[debug] [2022-08-14T23:37:10.938Z] Command:       C:\Program Files (x86)\nodejs\node.exe C:\Users\Lucas McKeon\AppData\Roaming\npm\node_modules\firebase-tools\lib\bin\firebase.js emulators:start
[debug] [2022-08-14T23:37:10.939Z] CLI Version:   11.6.0
[debug] [2022-08-14T23:37:10.939Z] Platform:      win32
[debug] [2022-08-14T23:37:10.939Z] Node Version:  v16.13.2
[debug] [2022-08-14T23:37:10.940Z] Time:          Sun Aug 14 2022 13:37:10 GMT-1000 (Hawaii-Aleutian Standard Time)
[debug] [2022-08-14T23:37:10.940Z] ----------------------------------------------------------------------
[debug] 
[debug] [2022-08-14T23:37:11.034Z] > command requires scopes: ["email","openid","https://www.googleapis.com/auth/cloudplatformprojects.readonly","https://www.googleapis.com/auth/firebase","https://www.googleapis.com/auth/cloud-platform"]
[debug] [2022-08-14T23:37:11.034Z] > authorizing via signed-in user (lucasjmckeon@gmail.com)
[debug] [2022-08-14T23:37:11.167Z] java version "17.0.4" 2022-07-19 LTS

[debug] [2022-08-14T23:37:11.168Z] Java(TM) SE Runtime Environment (build 17.0.4+11-LTS-179)
Java HotSpot(TM) 64-Bit Server VM (build 17.0.4+11-LTS-179, mixed mode, sharing)

[debug] [2022-08-14T23:37:11.181Z] Parsed Java major version: 17
[info] i  emulators: Starting emulators: auth, functions, firestore, database, hosting {"metadata":{"emulator":{"name":"hub"},"message":"Starting emulators: auth, functions, firestore, database, hosting"}}
[debug] [2022-08-14T23:37:11.197Z] [hub] writing locator at C:\Users\LUCASM~1\AppData\Local\Temp\hub-readwithme-a21c2.json
[warn] !  functions: The following emulators are not running, calls to these services from the Functions emulator will affect production: pubsub, storage, eventarc {"metadata":{"emulator":{"name":"functions"},"message":"The following emulators are not running, calls to these services from the Functions emulator will affect production: \u001b[1mpubsub, storage, eventarc\u001b[22m"}}
[info] +  functions: Using node@16 from host. {"metadata":{"emulator":{"name":"functions"},"message":"Using node@16 from host."}}
[debug] [2022-08-14T23:37:11.229Z] defaultcredentials: writing to file C:\Users\Lucas McKeon\AppData\Roaming\firebase\lucasjmckeon_gmail_com_application_default_credentials.json
[debug] [2022-08-14T23:37:11.236Z] Setting GAC to C:\Users\Lucas McKeon\AppData\Roaming\firebase\lucasjmckeon_gmail_com_application_default_credentials.json {"metadata":{"emulator":{"name":"functions"},"message":"Setting GAC to C:\\Users\\Lucas McKeon\\AppData\\Roaming\\firebase\\lucasjmckeon_gmail_com_application_default_credentials.json"}}
[debug] [2022-08-14T23:37:11.240Z] >>> [apiv2][query] GET https://firebase.googleapis.com/v1beta1/projects/readwithme-a21c2/adminSdkConfig [none]
[debug] [2022-08-14T23:37:11.805Z] <<< [apiv2][status] GET https://firebase.googleapis.com/v1beta1/projects/readwithme-a21c2/adminSdkConfig 200
[debug] [2022-08-14T23:37:11.806Z] <<< [apiv2][body] GET https://firebase.googleapis.com/v1beta1/projects/readwithme-a21c2/adminSdkConfig {"projectId":"readwithme-a21c2","databaseURL":"https://readwithme-a21c2-default-rtdb.firebaseio.com","storageBucket":"readwithme-a21c2.appspot.com","locationId":"us-west2"}
[warn] !  firestore: Did not find a Cloud Firestore rules file specified in a firebase.json config file. {"metadata":{"emulator":{"name":"firestore"},"message":"Did not find a Cloud Firestore rules file specified in a firebase.json config file."}}
[warn] !  firestore: The emulator will default to allowing all reads and writes. Learn more about this option: https://firebase.google.com/docs/emulator-suite/install_and_configure#security_rules_configuration. {"metadata":{"emulator":{"name":"firestore"},"message":"The emulator will default to allowing all reads and writes. Learn more about this option: https://firebase.google.com/docs/emulator-suite/install_and_configure#security_rules_configuration."}}
[debug] [2022-08-14T23:37:11.852Z] Ignoring unsupported arg: projectId {"metadata":{"emulator":{"name":"firestore"},"message":"Ignoring unsupported arg: projectId"}}
[debug] [2022-08-14T23:37:11.853Z] Ignoring unsupported arg: auto_download {"metadata":{"emulator":{"name":"firestore"},"message":"Ignoring unsupported arg: auto_download"}}
[debug] [2022-08-14T23:37:11.853Z] Starting Firestore Emulator with command {"binary":"java","args":["-Dgoogle.cloud_firestore.debug_log_level=FINE","-Duser.language=en","-jar","C:\\Users\\Lucas McKeon\\.cache\\firebase\\emulators\\cloud-firestore-emulator-v1.14.4.jar","--host","localhost","--port",8080,"--functions_emulator","localhost:5001"],"optionalArgs":["port","webchannel_port","host","rules","functions_emulator","seed_from_export"],"joinArgs":false} {"metadata":{"emulator":{"name":"firestore"},"message":"Starting Firestore Emulator with command {\"binary\":\"java\",\"args\":[\"-Dgoogle.cloud_firestore.debug_log_level=FINE\",\"-Duser.language=en\",\"-jar\",\"C:\\\\Users\\\\Lucas McKeon\\\\.cache\\\\firebase\\\\emulators\\\\cloud-firestore-emulator-v1.14.4.jar\",\"--host\",\"localhost\",\"--port\",8080,\"--functions_emulator\",\"localhost:5001\"],\"optionalArgs\":[\"port\",\"webchannel_port\",\"host\",\"rules\",\"functions_emulator\",\"seed_from_export\"],\"joinArgs\":false}"}}
[info] i  firestore: Firestore Emulator logging to firestore-debug.log {"metadata":{"emulator":{"name":"firestore"},"message":"Firestore Emulator logging to \u001b[1mfirestore-debug.log\u001b[22m"}}
